<?xml version="1.0" encoding="UTF-8" ?>
<testsuite failures="0" time="26.254" errors="0" skipped="0" tests="13" name="com.mphasis.automation.cukesDriver.CukesRunner">
  <properties>
[...]
</properties>
  <testcase time="0.001" classname="Scenario: A valid user logging into amazon should be granted access" name="Given a valid user"/>
  <testcase time="0.001" classname="Scenario: A valid user logging into amazon should be granted access" name="When user enters credentials and click submit"/>
  <testcase time="0" classname="Scenario: A valid user logging into amazon should be granted access" name="Then User is logged in"/>
  <testcase time="0.001" classname="Scenario: A valid user logging into amazon should be granted access" name="Scenario: A valid user logging into amazon should be granted access"/>
  <testcase time="0" classname="Scenario: An invalid user into amazon should not be granted access" name="Given an invalid user abcdefghi@abcdefghi.com"/>
  <testcase time="0" classname="Scenario: An invalid user into amazon should not be granted access" name="When user enters credentials and click submit"/>
  <testcase time="0" classname="Scenario: An invalid user into amazon should not be granted access" name="Then User is shown There was a problem with your request.There was an error with your E-Mail/Password combination. Please try again."/>
  <testcase time="0" classname="Scenario: An invalid user into amazon should not be granted access" name="Scenario: An invalid user into amazon should not be granted access"/>
  <testcase time="0" classname="Scenario: Search for a popular item returns more than 1 results" name="Given a valid user"/>
  <testcase time="0" classname="Scenario: Search for a popular item returns more than 1 results" name="And user enters credentials and click submit"/>
  <testcase time="0" classname="Scenario: Search for a popular item returns more than 1 results" name="When user searches for &quot;GPS&quot;"/>
  <testcase time="0" classname="Scenario: Search for a popular item returns more than 1 results" name="Then more than one result is shown"/>
  <testcase time="0.001" classname="Scenario: Search for a popular item returns more than 1 results" name="Scenario: Search for a popular item returns more than 1 results"/>
</testsuite>